<?xml version="1.0" encoding="UTF-8"?>
<testsuites name="Mocha Tests" time="3.5670" tests="4" failures="0">
  <testsuite name="Root Suite" timestamp="2021-09-13T10:33:18" tests="0" time="0.0000" failures="0">
  </testsuite>
  <testsuite name="test cases for getting  the pet information " timestamp="2021-09-13T10:33:18" tests="4" file="/Users/ghazalmishra/Documents/Interview/api_Tests/test/test.js" time="3.5670" failures="0">
    <testcase name="test cases for getting  the pet information  Functional Test: Should be able to post to the new pet store -&gt; 1" time="0.9450" classname="Functional Test: Should be able to post to the new pet store -&gt; 1">
    </testcase>
    <testcase name="test cases for getting  the pet information  Functional Test: Should be able to get the pet by id -&gt; 1" time="0.8550" classname="Functional Test: Should be able to get the pet by id -&gt; 1">
    </testcase>
    <testcase name="test cases for getting  the pet information  Functional Test: Should be able to update the existing pet name -&gt; 1" time="0.9120" classname="Functional Test: Should be able to update the existing pet name -&gt; 1">
    </testcase>
    <testcase name="test cases for getting  the pet information  Functional Test: Should be able to delete an existing pet -&gt; 1" time="0.8550" classname="Functional Test: Should be able to delete an existing pet -&gt; 1">
    </testcase>
  </testsuite>
</testsuites>